app/build/intermediates/proguard-rules/debug/aapt_rules.txt
# view res/layout/design_navigation_item.xml #generated:17
-keep class android.support.design.internal.NavigationMenuItemView { <init>(...); }

# view res/layout/design_navigation_menu.xml #generated:17
-keep class android.support.design.internal.NavigationMenuView { <init>(...); }

# view land/res/layout-land/layout_main.xml #generated:62
# view land/res/layout-land/layout_tutorial.xml #generated:40
# view res/layout/layout_main.xml #generated:65
# view res/layout/layout_tutorial.xml #generated:40
-keep class android.support.design.widget.FloatingActionButton { <init>(...); }

# view res/layout/layout_snackbar.xml #generated:18
# view sw600dp-v13/res/layout-sw600dp-v13/layout_snackbar.xml #generated:18
-keep class android.support.design.widget.Snackbar$SnackbarLayout { <init>(...); }

# view res/layout/abc_alert_dialog_material.xml #generated:130
-keep class android.support.v4.widget.Space { <init>(...); }

# view res/layout/abc_action_menu_item_layout.xml #generated:17
-keep class android.support.v7.internal.view.menu.ActionMenuItemView { <init>(...); }

# view res/layout/abc_expanded_menu_layout.xml #generated:17
-keep class android.support.v7.internal.view.menu.ExpandedMenuView { <init>(...); }

# view res/layout/abc_list_menu_item_layout.xml #generated:17
# view res/layout/abc_popup_menu_item_layout.xml #generated:17
-keep class android.support.v7.internal.view.menu.ListMenuItemView { <init>(...); }

# view res/layout/abc_screen_toolbar.xml #generated:27
-keep class android.support.v7.internal.widget.ActionBarContainer { <init>(...); }

# view res/layout/abc_action_mode_bar.xml #generated:19
# view res/layout/abc_screen_toolbar.xml #generated:43
-keep class android.support.v7.internal.widget.ActionBarContextView { <init>(...); }

# view res/layout/abc_screen_toolbar.xml #generated:17
-keep class android.support.v7.internal.widget.ActionBarOverlayLayout { <init>(...); }

# view res/layout/abc_activity_chooser_view.xml #generated:19
-keep class android.support.v7.internal.widget.ActivityChooserView$InnerLayout { <init>(...); }

# view res/layout/abc_screen_content_include.xml #generated:19
-keep class android.support.v7.internal.widget.ContentFrameLayout { <init>(...); }

# view res/layout/abc_alert_dialog_material.xml #generated:48
-keep class android.support.v7.internal.widget.DialogTitle { <init>(...); }

# view res/layout/abc_screen_simple_overlay_action_mode.xml #generated:23
-keep class android.support.v7.internal.widget.FitWindowsFrameLayout { <init>(...); }

# view res/layout/abc_dialog_title_material.xml #generated:22
# view res/layout/abc_screen_simple.xml #generated:17
-keep class android.support.v7.internal.widget.FitWindowsLinearLayout { <init>(...); }

# view res/layout/abc_action_mode_close_item_material.xml #generated:17
# view res/layout/abc_search_dropdown_item_icons_2line.xml #generated:27
# view res/layout/abc_search_dropdown_item_icons_2line.xml #generated:37
# view res/layout/abc_search_dropdown_item_icons_2line.xml #generated:48
# view res/layout/abc_search_view.xml #generated:116
# view res/layout/abc_search_view.xml #generated:128
# view res/layout/abc_search_view.xml #generated:38
# view res/layout/abc_search_view.xml #generated:60
# view res/layout/abc_search_view.xml #generated:97
-keep class android.support.v7.internal.widget.TintImageView { <init>(...); }

# view res/layout/abc_screen_simple.xml #generated:25
# view res/layout/abc_screen_simple_overlay_action_mode.xml #generated:32
-keep class android.support.v7.internal.widget.ViewStubCompat { <init>(...); }

# view res/layout/abc_action_menu_layout.xml #generated:17
-keep class android.support.v7.widget.ActionMenuView { <init>(...); }

# view res/layout/abc_search_view.xml #generated:78
-keep class android.support.v7.widget.SearchView$SearchAutoComplete { <init>(...); }

# view res/layout/abc_screen_toolbar.xml #generated:36
-keep class android.support.v7.widget.Toolbar { <init>(...); }

# view AndroidManifest.xml #generated:87
-keep class com.DKB.shutupdrive.CarMode { <init>(...); }

# view AndroidManifest.xml #generated:93
-keep class com.DKB.shutupdrive.DetectedActivityIntentService { <init>(...); }

# view AndroidManifest.xml #generated:44
-keep class com.DKB.shutupdrive.MainActivity { <init>(...); }

# view AndroidManifest.xml #generated:95
-keep class com.DKB.shutupdrive.NotificationReceiver { <init>(...); }

# view AndroidManifest.xml #generated:71
-keep class com.DKB.shutupdrive.Settings { <init>(...); }

# view AndroidManifest.xml #generated:92
-keep class com.DKB.shutupdrive.SpeedService { <init>(...); }

# view AndroidManifest.xml #generated:53
-keep class com.DKB.shutupdrive.Splash { <init>(...); }

# view AndroidManifest.xml #generated:62
-keep class com.DKB.shutupdrive.Tutorial { <init>(...); }

# view AndroidManifest.xml #generated:40
-keep class com.google.android.gms.ads.AdActivity { <init>(...); }

# view land/res/layout-land/layout_main.xml #generated:17
# view res/layout/layout_main.xml #generated:12
-keep class com.google.android.gms.ads.AdView { <init>(...); }

# view AndroidManifest.xml #generated:97
-keep class com.google.android.gms.ads.purchase.InAppPurchaseActivity { <init>(...); }