app/build/outputs/mapping/debug/seeds.txt
com.DKB.shutupdrive.CarMode
com.DKB.shutupdrive.CarMode: CarMode()
com.DKB.shutupdrive.DetectedActivityIntentService
com.DKB.shutupdrive.DetectedActivityIntentService: DetectedActivityIntentService(java.lang.String)
com.DKB.shutupdrive.DetectedActivityIntentService: DetectedActivityIntentService()
com.DKB.shutupdrive.MainActivity
com.DKB.shutupdrive.MainActivity: MainActivity()
com.DKB.shutupdrive.MainActivity: void onClick(android.view.View)
com.DKB.shutupdrive.NotificationReceiver
com.DKB.shutupdrive.NotificationReceiver: NotificationReceiver()
com.DKB.shutupdrive.R$anim: int abc_fade_in
com.DKB.shutupdrive.R$anim: int abc_fade_out
com.DKB.shutupdrive.R$anim: int abc_grow_fade_in_from_bottom
com.DKB.shutupdrive.R$anim: int abc_popup_enter
com.DKB.shutupdrive.R$anim: int abc_popup_exit
com.DKB.shutupdrive.R$anim: int abc_shrink_fade_out_from_bottom
com.DKB.shutupdrive.R$anim: int abc_slide_in_bottom
com.DKB.shutupdrive.R$anim: int abc_slide_in_top
com.DKB.shutupdrive.R$anim: int abc_slide_out_bottom
com.DKB.shutupdrive.R$anim: int abc_slide_out_top
com.DKB.shutupdrive.R$anim: int fab_in
com.DKB.shutupdrive.R$anim: int fab_out
com.DKB.shutupdrive.R$anim: int snackbar_in
com.DKB.shutupdrive.R$anim: int snackbar_out
com.DKB.shutupdrive.R$array: int phoneOptions
com.DKB.shutupdrive.R$array: int phoneValues
com.DKB.shutupdrive.R$attr: int actionBarDivider
com.DKB.shutupdrive.R$attr: int actionBarItemBackground
com.DKB.shutupdrive.R$attr: int actionBarPopupTheme
com.DKB.shutupdrive.R$attr: int actionBarSize
com.DKB.shutupdrive.R$attr: int actionBarSplitStyle
com.DKB.shutupdrive.R$attr: int actionBarStyle
com.DKB.shutupdrive.R$attr: int actionBarTabBarStyle
com.DKB.shutupdrive.R$attr: int actionBarTabStyle
com.DKB.shutupdrive.R$attr: int actionBarTabTextStyle
com.DKB.shutupdrive.R$attr: int actionBarTheme
com.DKB.shutupdrive.R$attr: int actionBarWidgetTheme
com.DKB.shutupdrive.R$attr: int actionButtonStyle
com.DKB.shutupdrive.R$attr: int actionDropDownStyle
com.DKB.shutupdrive.R$attr: int actionLayout
com.DKB.shutupdrive.R$attr: int actionMenuTextAppearance
com.DKB.shutupdrive.R$attr: int actionMenuTextColor
com.DKB.shutupdrive.R$attr: int actionModeBackground
com.DKB.shutupdrive.R$attr: int actionModeCloseButtonStyle
com.DKB.shutupdrive.R$attr: int actionModeCloseDrawable
com.DKB.shutupdrive.R$attr: int actionModeCopyDrawable
com.DKB.shutupdrive.R$attr: int actionModeCutDrawable
com.DKB.shutupdrive.R$attr: int actionModeFindDrawable
com.DKB.shutupdrive.R$attr: int actionModePasteDrawable
com.DKB.shutupdrive.R$attr: int actionModePopupWindowStyle
com.DKB.shutupdrive.R$attr: int actionModeSelectAllDrawable
com.DKB.shutupdrive.R$attr: int actionModeShareDrawable
com.DKB.shutupdrive.R$attr: int actionModeSplitBackground
com.DKB.shutupdrive.R$attr: int actionModeStyle
com.DKB.shutupdrive.R$bool: int abc_action_bar_embed_tabs
com.DKB.shutupdrive.R$bool: int abc_action_bar_embed_tabs_pre_jb
com.DKB.shutupdrive.R$bool: int abc_action_bar_expanded_action_views_exclusive
com.DKB.shutupdrive.R$bool: int abc_config_actionMenuItemAllCaps
com.DKB.shutupdrive.R$bool: int abc_config_allowActionMenuItemTextWithIcon
com.DKB.shutupdrive.R$bool: int abc_config_closeDialogWhenTouchOutside
com.DKB.shutupdrive.R$bool: int abc_config_showMenuShortcutsWhenKeyboardPresent
...
com.google.android.gms.ads.formats.NativeContentAdView: void setHeadlineView(android.view.View)
com.google.android.gms.ads.formats.NativeContentAdView: void setBodyView(android.view.View)
com.google.android.gms.ads.formats.NativeContentAdView: void setCallToActionView(android.view.View)
com.google.android.gms.ads.formats.NativeContentAdView: void setAdvertiserView(android.view.View)
com.google.android.gms.ads.formats.NativeContentAdView: void setImageView(android.view.View)
com.google.android.gms.ads.formats.NativeContentAdView: void setLogoView(android.view.View)
com.google.android.gms.ads.formats.NativeContentAdView: android.view.View getHeadlineView()
com.google.android.gms.ads.formats.NativeContentAdView: android.view.View getBodyView()
com.google.android.gms.ads.formats.NativeContentAdView: android.view.View getCallToActionView()
com.google.android.gms.ads.formats.NativeContentAdView: android.view.View getAdvertiserView()
com.google.android.gms.ads.formats.NativeContentAdView: android.view.View getImageView()
com.google.android.gms.ads.formats.NativeContentAdView: android.view.View getLogoView()
com.google.android.gms.ads.internal.InterstitialAdParameterParcel
com.google.android.gms.ads.internal.InterstitialAdParameterParcel: com.google.android.gms.ads.internal.zzk CREATOR
com.google.android.gms.ads.internal.client.AdRequestParcel
com.google.android.gms.ads.internal.client.AdRequestParcel: com.google.android.gms.ads.internal.client.zzf CREATOR
com.google.android.gms.ads.internal.client.AdSizeParcel
com.google.android.gms.ads.internal.client.AdSizeParcel: com.google.android.gms.ads.internal.client.zzh CREATOR
com.google.android.gms.ads.internal.client.MobileAdsSettingsParcel
com.google.android.gms.ads.internal.client.MobileAdsSettingsParcel: com.google.android.gms.ads.internal.client.zzad CREATOR
com.google.android.gms.ads.internal.client.SearchAdRequestParcel
com.google.android.gms.ads.internal.client.SearchAdRequestParcel: com.google.android.gms.ads.internal.client.zzae CREATOR
com.google.android.gms.ads.internal.formats.NativeAdOptionsParcel
com.google.android.gms.ads.internal.formats.NativeAdOptionsParcel: com.google.android.gms.ads.internal.formats.zzh CREATOR
com.google.android.gms.ads.internal.overlay.AdLauncherIntentInfoParcel
com.google.android.gms.ads.internal.overlay.AdLauncherIntentInfoParcel: com.google.android.gms.ads.internal.overlay.zzb CREATOR
com.google.android.gms.ads.internal.overlay.AdOverlayInfoParcel
com.google.android.gms.ads.internal.overlay.AdOverlayInfoParcel: com.google.android.gms.ads.internal.overlay.zze CREATOR
com.google.android.gms.ads.internal.overlay.zzi: void setVideoPath(java.lang.String)
com.google.android.gms.ads.internal.overlay.zzi: void setVideoURI(android.net.Uri)
com.google.android.gms.ads.internal.overlay.zzi: int getCurrentPosition()
com.google.android.gms.ads.internal.purchase.GInAppPurchaseManagerInfoParcel
com.google.android.gms.ads.internal.purchase.GInAppPurchaseManagerInfoParcel: com.google.android.gms.ads.internal.purchase.zza CREATOR
com.google.android.gms.ads.internal.request.AdRequestInfoParcel
com.google.android.gms.ads.internal.request.AdRequestInfoParcel: com.google.android.gms.ads.internal.request.zzf CREATOR
com.google.android.gms.ads.internal.request.AdResponseParcel
com.google.android.gms.ads.internal.request.AdResponseParcel: com.google.android.gms.ads.internal.request.zzh CREATOR
com.google.android.gms.ads.internal.request.LargeParcelTeleporter
com.google.android.gms.ads.internal.request.LargeParcelTeleporter: android.os.Parcelable$Creator CREATOR
com.google.android.gms.ads.internal.request.StringParcel
com.google.android.gms.ads.internal.request.StringParcel: android.os.Parcelable$Creator CREATOR
com.google.android.gms.ads.internal.reward.client.RewardedVideoAdRequestParcel
com.google.android.gms.ads.internal.reward.client.RewardedVideoAdRequestParcel: com.google.android.gms.ads.internal.reward.client.zzh CREATOR