app/build/outputs/mapping/debug/mapping.txt
com.DKB.shutupdrive.CarMode -> com.DKB.shutupdrive.CarMode:
    int previousAudioMode -> c
    boolean autoreply -> a
    java.lang.String msg -> b
    int phone -> d
    android.app.NotificationManager nm -> e
    android.speech.tts.TextToSpeech tts -> f
    android.telephony.PhoneStateListener psl -> g
    android.telephony.TelephonyManager tm -> h
    android.media.AudioManager am -> i
    android.content.BroadcastReceiver textReceiver -> j
    android.os.IBinder onBind(android.content.Intent) -> onBind
    int onStartCommand(android.content.Intent,int,int) -> onStartCommand
    void setUp() -> a
    void setupTextReceiver() -> b
    void createPhoneStateListener() -> c
    void onDestroy() -> onDestroy
    void notification() -> d
    android.app.PendingIntent createNotDrivingPendingIntent() -> e
    void getUserSettings() -> f
    void silent() -> g
    void vibrate() -> h
    void normal() -> i
    void restorePreviousSoundMode() -> j
    int access$000(com.DKB.shutupdrive.CarMode) -> a
    android.speech.tts.TextToSpeech access$102(com.DKB.shutupdrive.CarMode,android.speech.tts.TextToSpeech) -> a
    android.speech.tts.TextToSpeech access$100(com.DKB.shutupdrive.CarMode) -> b
    void access$200(com.DKB.shutupdrive.CarMode) -> c
    void access$300(com.DKB.shutupdrive.CarMode) -> d
com.DKB.shutupdrive.CarMode$1 -> com.DKB.shutupdrive.a:
    com.DKB.shutupdrive.CarMode this$0 -> a
    void onReceive(android.content.Context,android.content.Intent) -> onReceive
com.DKB.shutupdrive.CarMode$2 -> com.DKB.shutupdrive.b:
    com.DKB.shutupdrive.CarMode this$0 -> a
    void onCallStateChanged(int,java.lang.String) -> onCallStateChanged
com.DKB.shutupdrive.CarMode$2$1 -> com.DKB.shutupdrive.c:
    java.lang.String val$incomingNumber -> a
    com.DKB.shutupdrive.CarMode$2 this$1 -> b
    void onInit(int) -> onInit
com.DKB.shutupdrive.DetectedActivityIntentService -> com.DKB.shutupdrive.DetectedActivityIntentService:
    void onHandleIntent(android.content.Intent) -> onHandleIntent
com.DKB.shutupdrive.MainActivity -> com.DKB.shutupdrive.MainActivity:
    com.google.android.gms.common.api.GoogleApiClient mGoogleApiClient -> n
    android.support.design.widget.FloatingActionButton fab -> o
    android.widget.TextView statusText -> p
    android.widget.TextView mottoText -> q
    android.widget.TextView descText -> r
    android.widget.ImageView titleImage -> s
    boolean running -> t
    boolean toast -> u
    android.view.MenuItem item -> v
    com.google.android.gms.ads.AdView adView -> w
    void onCreate(android.os.Bundle) -> onCreate
    void createAds() -> k
    void setUpUI() -> l
    void buildGoogleApiClient() -> m
    void onStart() -> onStart
    void onResume() -> onResume
    void onPause() -> onPause
    void onStop() -> onStop
    void startActivityRecognition() -> n
    boolean onCreateOptionsMenu(android.view.Menu) -> onCreateOptionsMenu
    boolean onOptionsItemSelected(android.view.MenuItem) -> onOptionsItemSelected
    void animateOut() -> o
    void stopActivityRecognition() -> p
    void onConnected(android.os.Bundle) -> a
    android.app.PendingIntent getActivityRecognitionPI() -> q
    void onConnectionSuspended(int) -> a
    void onConnectionFailed(com.google.android.gms.common.ConnectionResult) -> a
    void onResult(com.google.android.gms.common.api.Status) -> a
    void onClick(android.view.View) -> onClick
    void onResult(com.google.android.gms.common.api.Result) -> a
com.DKB.shutupdrive.MainActivity$1 -> com.DKB.shutupdrive.d:
    com.DKB.shutupdrive.MainActivity this$0 -> a
    void run() -> run
com.DKB.shutupdrive.NotificationReceiver -> com.DKB.shutupdrive.NotificationReceiver:
    void onReceive(android.content.Context,android.content.Intent) -> onReceive
...
android.support.v4.widget.TextViewCompat$TextViewCompatImpl -> android.support.v4.widget.bd:
    void setCompoundDrawablesRelative(android.widget.TextView,android.graphics.drawable.Drawable,android.graphics.drawable.Drawable,android.graphics.drawable.Drawable,android.graphics.drawable.Drawable) -> a
android.support.v4.widget.TextViewCompatJbMr1 -> android.support.v4.widget.be:
    void setCompoundDrawablesRelative(android.widget.TextView,android.graphics.drawable.Drawable,android.graphics.drawable.Drawable,android.graphics.drawable.Drawable,android.graphics.drawable.Drawable) -> a
android.support.v4.widget.TextViewCompatJbMr2 -> android.support.v4.widget.bf:
    void setCompoundDrawablesRelative(android.widget.TextView,android.graphics.drawable.Drawable,android.graphics.drawable.Drawable,android.graphics.drawable.Drawable,android.graphics.drawable.Drawable) -> a
android.support.v4.widget.ViewDragHelper -> android.support.v4.widget.bg:
    int mDragState -> a
    int mTouchSlop -> b
    int mActivePointerId -> c
    float[] mInitialMotionX -> d
    float[] mInitialMotionY -> e
    float[] mLastMotionX -> f
    float[] mLastMotionY -> g
    int[] mInitialEdgesTouched -> h
    int[] mEdgeDragsInProgress -> i
    int[] mEdgeDragsLocked -> j
    int mPointersDown -> k
    android.view.VelocityTracker mVelocityTracker -> l
    float mMaxVelocity -> m
    float mMinVelocity -> n
    int mEdgeSize -> o
    int mTrackingEdges -> p
    android.support.v4.widget.ScrollerCompat mScroller -> q
    android.support.v4.widget.ViewDragHelper$Callback mCallback -> r
    android.view.View mCapturedView -> s
    boolean mReleaseInProgress -> t
    android.view.ViewGroup mParentView -> u
    android.view.animation.Interpolator sInterpolator -> v
    java.lang.Runnable mSetIdleRunnable -> w
    android.support.v4.widget.ViewDragHelper create(android.view.ViewGroup,android.support.v4.widget.ViewDragHelper$Callback) -> a
    android.support.v4.widget.ViewDragHelper create(android.view.ViewGroup,float,android.support.v4.widget.ViewDragHelper$Callback) -> a
    int getViewDragState() -> a
    void setEdgeTrackingEnabled(int) -> a
    int getEdgeSize() -> b
    void captureChildView(android.view.View,int) -> a
    android.view.View getCapturedView() -> c
    int getTouchSlop() -> d
    void cancel() -> e
    void abort() -> f
android.support.v4.widget.ViewDragHelper$1 -> android.support.v4.widget.bh:
    float getInterpolation(float) -> getInterpolation
android.support.v4.widget.ViewDragHelper$2 -> android.support.v4.widget.bi:
    android.support.v4.widget.ViewDragHelper this$0 -> a
    void run() -> run
android.support.v4.widget.ViewDragHelper$Callback -> android.support.v4.widget.bj:
    void onViewDragStateChanged(int) -> a
    void onViewPositionChanged(android.view.View,int,int,int,int) -> a
    void onViewCaptured(android.view.View,int) -> b
    void onViewReleased(android.view.View,float,float) -> a
    void onEdgeTouched(int,int) -> a
    boolean onEdgeLock(int) -> b
    void onEdgeDragStarted(int,int) -> b
    int getOrderedChildIndex(int) -> c
    int getViewHorizontalDragRange(android.view.View) -> a
    int getViewVerticalDragRange(android.view.View) -> b
    boolean tryCaptureView(android.view.View,int) -> a
    int clampViewPositionHorizontal(android.view.View,int,int) -> a
    int clampViewPositionVertical(android.view.View,int,int) -> b