app/build/outputs/mapping/debug/usage.txt
com.DKB.shutupdrive.BuildConfig
com.DKB.shutupdrive.R
com.DKB.shutupdrive.R$anim
com.DKB.shutupdrive.R$array
com.DKB.shutupdrive.R$attr
com.DKB.shutupdrive.R$bool
com.DKB.shutupdrive.R$color
com.DKB.shutupdrive.R$dimen
com.DKB.shutupdrive.R$drawable
com.DKB.shutupdrive.R$id
com.DKB.shutupdrive.R$integer
com.DKB.shutupdrive.R$layout
com.DKB.shutupdrive.R$menu
com.DKB.shutupdrive.R$mipmap
com.DKB.shutupdrive.R$raw
com.DKB.shutupdrive.R$string
com.DKB.shutupdrive.R$style
com.DKB.shutupdrive.R$styleable
com.DKB.shutupdrive.R$xml
com.DKB.shutupdrive.Utils:
    private static final long MILLIS_IN_SECOND
    private static final long MILLIS_IN_MINUTE
    public static final double DRIVING_SPEED_THRESHOLD
    public static final boolean DEVELOPER
    public static final int PHONE_BLOCK_CALLS
    public static final int PHONE_READ_CALLER
    public static final int PHONE_ALLOW_CALLS
    public static final int NOTIFICATION_ID
    public static final int DETECTION_THRESHOLD
    89:94:public static void setAutoReplyMessage(android.content.Context,java.lang.String)
...
com.google.android.gms.internal.zzgp
com.google.android.gms.internal.zzgq
com.google.android.gms.internal.zzgq$1
com.google.android.gms.internal.zzgq$2
com.google.android.gms.internal.zzgr
com.google.android.gms.internal.zzgs
com.google.android.gms.internal.zzgt
com.google.android.gms.internal.zzgu
com.google.android.gms.internal.zzgv
com.google.android.gms.internal.zzgv$1
com.google.android.gms.internal.zzgv$2
com.google.android.gms.internal.zzhm:
    public void zza(android.view.View,android.graphics.drawable.Drawable)
com.google.android.gms.internal.zzhm$zzf:
    public void zza(android.view.View,android.graphics.drawable.Drawable)
com.google.android.gms.internal.zzhz
com.google.android.gms.internal.zzia
com.google.android.gms.internal.zzib
com.google.android.gms.internal.zzic
com.google.android.gms.internal.zzje
com.google.android.gms.internal.zzjf
com.google.android.gms.internal.zzjg
com.google.android.gms.internal.zzjh
com.google.android.gms.internal.zzjh$zza
com.google.android.gms.internal.zzjh$zza$zza
com.google.android.gms.internal.zzji
com.google.android.gms.internal.zzji$zza
com.google.android.gms.internal.zzji$zza$zza
com.google.android.gms.internal.zzjj
com.google.android.gms.internal.zzjk
com.google.android.gms.internal.zzjk$zza
com.google.android.gms.internal.zzjk$zza$zza
com.google.android.gms.internal.zzjl
com.google.android.gms.internal.zzjl$zza
com.google.android.gms.internal.zzjl$zza$zza
com.google.android.gms.internal.zzjm
com.google.android.gms.internal.zzjn
com.google.android.gms.internal.zzjo
com.google.android.gms.internal.zzjo$zza
com.google.android.gms.internal.zzjo$zza$zza
com.google.android.gms.internal.zzjp
com.google.android.gms.internal.zzjq
com.google.android.gms.internal.zzjr
com.google.android.gms.internal.zzkg
com.google.android.gms.internal.zzkg$1
com.google.android.gms.internal.zzkg$zza
com.google.android.gms.internal.zzkg$zza$zza
com.google.android.gms.internal.zzkg$zzb
com.google.android.gms.internal.zzki
com.google.android.gms.internal.zzki$zza
com.google.android.gms.internal.zzkj:
    public zzkj()
com.google.android.gms.internal.zzkk
com.google.android.gms.internal.zzkl
com.google.android.gms.internal.zzkl$1
com.google.android.gms.internal.zzkm
com.google.android.gms.internal.zzkn
com.google.android.gms.internal.zzkn$1
com.google.android.gms.internal.zzkn$zza
com.google.android.gms.internal.zzko
com.google.android.gms.internal.zzko$zza
com.google.android.gms.internal.zzkp
com.google.android.gms.internal.zzkq
com.google.android.gms.internal.zzkq$zza
com.google.android.gms.internal.zzkq$zza$zza
com.google.android.gms.internal.zzkr
com.google.android.gms.internal.zzkr$zza
com.google.android.gms.internal.zzkr$zza$zza
com.google.android.gms.internal.zzku:
    public zzku(int)
    public final synchronized int size()
com.google.android.gms.internal.zzkx:
    public static int zza(java.lang.Object[],java.lang.Object)
    public static boolean zzb(java.lang.Object[],java.lang.Object)
    public static java.lang.Integer[] zza(int[])
    public static java.util.ArrayList zzoP()
    public static java.util.ArrayList zzb(java.lang.Object[])
com.google.android.gms.internal.zzlc
com.google.android.gms.internal.zzlf
com.google.android.gms.internal.zzlg:
    public static void zza(android.os.ParcelFileDescriptor)
com.google.android.gms.internal.zzlh:
    public static boolean zzd(java.lang.Object,java.lang.Object)
com.google.android.gms.internal.zzlk:
    public static boolean zzoS()
    public static boolean zzoV()
    public static boolean zzoY()
com.google.android.gms.internal.zzlm
com.google.android.gms.internal.zzln
com.google.android.gms.internal.zzoy
com.google.android.gms.internal.zzoz
com.google.android.gms.internal.zzoz$zza
com.google.android.gms.internal.zzpt$zza:
    public com.google.android.gms.internal.zzpt$zza zza(java.lang.String,com.google.android.gms.common.api.GoogleApiClient$ServerAuthCodeCallbacks)
    private java.lang.String zzea(java.lang.String)